#
# There is insufficient memory for the Java Runtime Environment to continue.
# Native memory allocation (mmap) failed to map 268435456 bytes for G1 virtual space
# Possible reasons:
#   The system is out of physical RAM or swap space
#   The process is running with CompressedOops enabled, and the Java Heap may be blocking the growth of the native heap
# Possible solutions:
#   Reduce memory load on the system
#   Increase physical memory or swap space
#   Check if swap backing store is full
#   Decrease Java heap size (-Xmx/-Xms)
#   Decrease number of Java threads
#   Decrease Java thread stack sizes (-Xss)
#   Set larger code cache with -XX:ReservedCodeCacheSize=
#   JVM is running with Zero Based Compressed Oops mode in which the Java heap is
#     placed in the first 32GB address space. The Java Heap base address is the
#     maximum limit for the native heap growth. Please use -XX:HeapBaseMinAddress
#     to set the Java Heap base and to place the Java Heap above 32GB virtual address.
# This output file may be truncated or incomplete.
#
#  Out of Memory Error (os_windows.cpp:3825), pid=7532, tid=12376
#
# JRE version:  (17.0.9) (build )
# Java VM: OpenJDK 64-Bit Server VM (17.0.9+0--11185874, mixed mode, sharing, tiered, compressed oops, compressed class ptrs, g1 gc, windows-amd64)
# No core dump will be written. Minidumps are not enabled by default on client versions of Windows
#

---------------  S U M M A R Y ------------

Command Line: org.jetbrains.kotlin.cli.jvm.K2JVMCompiler @C:\Users\Abhishek chauhan\AndroidStudioProjects\food-app\app\build\20240416_544495387956359034.compiler.options

Host: Intel(R) Core(TM) i7-7700HQ CPU @ 2.80GHz, 8 cores, 15G,  Windows 10 , 64 bit Build 19041 (10.0.19041.3636)
Time: Tue Apr 16 14:52:21 2024 India Standard Time elapsed time: 0.016261 seconds (0d 0h 0m 0s)

---------------  T H R E A D  ---------------

Current thread (0x00000164c910d8c0):  JavaThread "Unknown thread" [_thread_in_vm, id=12376, stack(0x0000005a7ee00000,0x0000005a7ef00000)]

Stack: [0x0000005a7ee00000,0x0000005a7ef00000]
Native frames: (J=compiled Java code, j=interpreted, Vv=VM code, C=native code)
V  [jvm.dll+0x6886e9]
V  [jvm.dll+0x841e4a]
V  [jvm.dll+0x843a8e]
V  [jvm.dll+0x8440f3]
V  [jvm.dll+0x24c14f]
V  [jvm.dll+0x685499]
V  [jvm.dll+0x679c2a]
V  [jvm.dll+0x30cf9b]
V  [jvm.dll+0x314446]
V  [jvm.dll+0x36425e]
V  [jvm.dll+0x36448f]
V  [jvm.dll+0x2e2d68]
V  [jvm.dll+0x2e3cd4]
V  [jvm.dll+0x8129f1]
V  [jvm.dll+0x3720c1]
V  [jvm.dll+0x7f152c]
V  [jvm.dll+0x3f5d4f]
V  [jvm.dll+0x3f7981]
C  [jli.dll+0x528f]
C  [ucrtbase.dll+0x21bb2]
C  [KERNEL32.DLL+0x17344]
C  [ntdll.dll+0x526b1]


---------------  P R O C E S S  ---------------

Threads class SMR info:
_java_thread_list=0x00007ffe5d2fef18, length=0, elements={
}

Java Threads: ( => current thread )

Other Threads:
  0x00000164c9178960 GCTaskThread "GC Thread#0" [stack: 0x0000005a7ef00000,0x0000005a7f000000] [id=3468]
  0x00000164c918a6d0 ConcurrentGCThread "G1 Main Marker" [stack: 0x0000005a7f000000,0x0000005a7f100000] [id=1320]
  0x00000164c918b890 ConcurrentGCThread "G1 Conc#0" [stack: 0x0000005a7f100000,0x0000005a7f200000] [id=16888]

[error occurred during error reporting (printing all threads), id 0xc0000005, EXCEPTION_ACCESS_VIOLATION (0xc0000005) at pc=0x00007ffe5cab3937]

VM state: not at safepoint (not fully initialized)

VM Mutex/Monitor currently owned by a thread:  ([mutex/lock_event])
[0x00000164c91092f0] Heap_lock - owner thread: 0x00000164c910d8c0

Heap address: 0x0000000701e00000, size: 4066 MB, Compressed Oops mode: Zero based, Oop shift amount: 3

CDS archive(s) mapped at: [0x0000000000000000-0x0000000000000000-0x0000000000000000), size 0, SharedBaseAddress: 0x0000000800000000, ArchiveRelocationMode: 1.
Narrow klass base: 0x0000000000000000, Narrow klass shift: 0, Narrow klass range: 0x0

GC Precious Log:
<Empty>

Heap:
 garbage-first heap   total 0K, used 0K [0x0000000701e00000, 0x0000000800000000)
  region size 2048K, 0 young (0K), 0 survivors (0K)
 Metaspace       used 0K, committed 0K, reserved 0K
  class space    used 0K, committed 0K, reserved 0K

Heap Regions: E=young(eden), S=young(survivor), O=old, HS=humongous(starts), HC=humongous(continues), CS=collection set, F=free, OA=open archive, CA=closed archive, TAMS=top-at-mark-start (previous, next)

Card table byte_map: [0x00000164de030000,0x00000164de830000] _byte_map_base: 0x00000164da821000

Marking Bits (Prev, Next): (CMBitMap*) 0x00000164c9178f80, (CMBitMap*) 0x00000164c9178fc0
 Prev Bits: [0x00000164df030000, 0x00000164e2fb8000)
 Next Bits: [0x00000164e2fc0000, 0x00000164e6f48000)

GC Heap History (0 events):
No events

Dll operation events (1 events):
Event: 0.011 Loaded shared library C:\Program Files\Android\Android Studio\jbr\bin\java.dll

Deoptimization events (0 events):
No events

Classes unloaded (0 events):
No events

Classes redefined (0 events):
No events

Internal exceptions (0 events):
No events

VM Operations (0 events):
No events

Events (0 events):
No events


Dynamic libraries:
0x00007ff7082b0000 - 0x00007ff7082ba000 	C:\Program Files\Android\Android Studio\jbr\bin\java.exe
0x00007ffebd030000 - 0x00007ffebd228000 	C:\WINDOWS\SYSTEM32\ntdll.dll
0x00007ffebce80000 - 0x00007ffebcf3d000 	C:\WINDOWS\System32\KERNEL32.DLL
0x00007ffeba910000 - 0x00007ffebac06000 	C:\WINDOWS\System32\KERNELBASE.dll
0x00007ffeba810000 - 0x00007ffeba910000 	C:\WINDOWS\System32\ucrtbase.dll
0x00007ffeb3860000 - 0x00007ffeb387b000 	C:\Program Files\Android\Android Studio\jbr\bin\VCRUNTIME140.dll
0x00007ffea2240000 - 0x00007ffea2257000 	C:\Program Files\Android\Android Studio\jbr\bin\jli.dll
0x00007ffebbf10000 - 0x00007ffebc0af000 	C:\WINDOWS\System32\USER32.dll
0x00007ffe9fe00000 - 0x00007ffea009a000 	C:\WINDOWS\WinSxS\amd64_microsoft.windows.common-controls_6595b64144ccf1df_6.0.19041.3636_none_60b6a03d71f818d5\COMCTL32.dll
0x00007ffebad70000 - 0x00007ffebad92000 	C:\WINDOWS\System32\win32u.dll
0x00007ffebc270000 - 0x00007ffebc30e000 	C:\WINDOWS\System32\msvcrt.dll
0x00007ffebbe30000 - 0x00007ffebbe5b000 	C:\WINDOWS\System32\GDI32.dll
0x00007ffebada0000 - 0x00007ffebaeb7000 	C:\WINDOWS\System32\gdi32full.dll
0x00007ffebaf70000 - 0x00007ffebb00d000 	C:\WINDOWS\System32\msvcp_win.dll
0x00007ffebb060000 - 0x00007ffebb092000 	C:\WINDOWS\System32\IMM32.DLL
0x00007ffeb7a80000 - 0x00007ffeb7a8c000 	C:\Program Files\Android\Android Studio\jbr\bin\vcruntime140_1.dll
0x00007ffe89ef0000 - 0x00007ffe89f7d000 	C:\Program Files\Android\Android Studio\jbr\bin\msvcp140.dll
0x00007ffe5c7c0000 - 0x00007ffe5d443000 	C:\Program Files\Android\Android Studio\jbr\bin\server\jvm.dll
0x00007ffebcf40000 - 0x00007ffebcff0000 	C:\WINDOWS\System32\ADVAPI32.dll
0x00007ffebbaf0000 - 0x00007ffebbb90000 	C:\WINDOWS\System32\sechost.dll
0x00007ffebc920000 - 0x00007ffebca43000 	C:\WINDOWS\System32\RPCRT4.dll
0x00007ffeba770000 - 0x00007ffeba797000 	C:\WINDOWS\System32\bcrypt.dll
0x00007ffe97300000 - 0x00007ffe97309000 	C:\WINDOWS\SYSTEM32\WSOCK32.dll
0x00007ffeb9c30000 - 0x00007ffeb9c7b000 	C:\WINDOWS\SYSTEM32\POWRPROF.dll
0x00007ffeac4b0000 - 0x00007ffeac4ba000 	C:\WINDOWS\SYSTEM32\VERSION.dll
0x00007ffebba80000 - 0x00007ffebbaeb000 	C:\WINDOWS\System32\WS2_32.dll
0x00007ffeaaed0000 - 0x00007ffeaaef7000 	C:\WINDOWS\SYSTEM32\WINMM.dll
0x00007ffeb9aa0000 - 0x00007ffeb9ab2000 	C:\WINDOWS\SYSTEM32\UMPDC.dll
0x00007ffeb8ec0000 - 0x00007ffeb8ed2000 	C:\WINDOWS\SYSTEM32\kernel.appcore.dll
0x00007ffeb7a60000 - 0x00007ffeb7a6a000 	C:\Program Files\Android\Android Studio\jbr\bin\jimage.dll
0x00007ffeb8500000 - 0x00007ffeb86e4000 	C:\WINDOWS\SYSTEM32\DBGHELP.DLL
0x00007ffea9010000 - 0x00007ffea9044000 	C:\WINDOWS\SYSTEM32\dbgcore.DLL
0x00007ffeba6e0000 - 0x00007ffeba762000 	C:\WINDOWS\System32\bcryptPrimitives.dll
0x00007ffeb5d40000 - 0x00007ffeb5d65000 	C:\Program Files\Android\Android Studio\jbr\bin\java.dll

dbghelp: loaded successfully - version: 4.0.5 - missing functions: none
symbol engine: initialized successfully - sym options: 0x614 - pdb path: .;C:\Program Files\Android\Android Studio\jbr\bin;C:\WINDOWS\SYSTEM32;C:\WINDOWS\WinSxS\amd64_microsoft.windows.common-controls_6595b64144ccf1df_6.0.19041.3636_none_60b6a03d71f818d5;C:\Program Files\Android\Android Studio\jbr\bin\server

VM Arguments:
java_command: org.jetbrains.kotlin.cli.jvm.K2JVMCompiler @C:\Users\Abhishek chauhan\AndroidStudioProjects\food-app\app\build\20240416_544495387956359034.compiler.options
java_class_path (initial): C:\Users\Abhishek chauhan\.gradle\caches\modules-2\files-2.1\org.jetbrains.kotlin\kotlin-compiler-embeddable\1.9.0\2c8c3a7402becca891f12739b3e9fd2dc2adbd7a\kotlin-compiler-embeddable-1.9.0.jar;C:\Users\Abhishek chauhan\.gradle\caches\modules-2\files-2.1\org.jetbrains.kotlin\kotlin-stdlib\1.9.0\8ee15ef0c67dc83d874f412d84378d7f0eb50b63\kotlin-stdlib-1.9.0.jar;C:\Users\Abhishek chauhan\.gradle\caches\modules-2\files-2.1\org.jetbrains.kotlin\kotlin-script-runtime\1.9.0\4b3102cbbb7e1b58d9d1adf89563f00069ffa7d1\kotlin-script-runtime-1.9.0.jar;C:\Users\Abhishek chauhan\.gradle\caches\modules-2\files-2.1\org.jetbrains.kotlin\kotlin-reflect\1.6.10\1cbe9c92c12a94eea200d23c2bbaedaf3daf5132\kotlin-reflect-1.6.10.jar;C:\Users\Abhishek chauhan\.gradle\caches\modules-2\files-2.1\org.jetbrains.kotlin\kotlin-daemon-embeddable\1.9.0\186543f5e28cf8d9a0290fecc2cf34301c40a65c\kotlin-daemon-embeddable-1.9.0.jar;C:\Users\Abhishek chauhan\.gradle\caches\modules-2\files-2.1\org.jetbrains.intellij.deps\trove4j\1.0.20200330\3afb14d5f9ceb459d724e907a21145e8ff394f02\trove4j-1.0.20200330.jar;C:\Users\Abhishek chauhan\.gradle\caches\modules-2\files-2.1\org.jetbrains.kotlin\kotlin-stdlib-common\1.9.0\cd65c21cfd1eec4d44ef09f9f52b6d9f8a720636\kotlin-stdlib-common-1.9.0.jar;C:\Users\Abhishek chauhan\.gradle\caches\modules-2\files-2.1\org.jetbrains\annotations\13.0\919f0dfe192fb4e063e7dacadee7f8bb9a2672a9\annotations-13.0.jar
Launcher Type: SUN_STANDARD

[Global flags]
     intx CICompilerCount                          = 4                                         {product} {ergonomic}
     uint ConcGCThreads                            = 2                                         {product} {ergonomic}
     uint G1ConcRefinementThreads                  = 8                                         {product} {ergonomic}
   size_t G1HeapRegionSize                         = 2097152                                   {product} {ergonomic}
    uintx GCDrainStackTargetSize                   = 64                                        {product} {ergonomic}
   size_t InitialHeapSize                          = 268435456                                 {product} {ergonomic}
   size_t MarkStackSize                            = 4194304                                   {product} {ergonomic}
   size_t MaxHeapSize                              = 4263510016                                {product} {ergonomic}
   size_t MinHeapDeltaBytes                        = 2097152                                   {product} {ergonomic}
   size_t MinHeapSize                              = 8388608                                   {product} {ergonomic}
    uintx NonNMethodCodeHeapSize                   = 5839372                                {pd product} {ergonomic}
    uintx NonProfiledCodeHeapSize                  = 122909434                              {pd product} {ergonomic}
    uintx ProfiledCodeHeapSize                     = 122909434                              {pd product} {ergonomic}
    uintx ReservedCodeCacheSize                    = 251658240                              {pd product} {ergonomic}
     bool SegmentedCodeCache                       = true                                      {product} {ergonomic}
   size_t SoftMaxHeapSize                          = 4263510016                             {manageable} {ergonomic}
     bool UseCompressedClassPointers               = true                           {product lp64_product} {ergonomic}
     bool UseCompressedOops                        = true                           {product lp64_product} {ergonomic}
     bool UseG1GC                                  = true                                      {product} {ergonomic}
     bool UseLargePagesIndividualAllocation        = false                                  {pd product} {ergonomic}

Logging:
Log output configuration:
 #0: stdout all=warning uptime,level,tags
 #1: stderr all=off uptime,level,tags

Environment Variables:
JAVA_HOME=C:\Program Files\Java\jdk-20\
PATH=C:\Program Files\Common Files\Oracle\Java\javapath;C:\WINDOWS\system32;C:\WINDOWS;C:\WINDOWS\System32\Wbem;C:\WINDOWS\System32\WindowsPowerShell\v1.0\;C:\WINDOWS\System32\OpenSSH\;C:\Program Files\kotlinc\bin;C:\Program Files\Java\jdk-20\bin;C:\MinGW\bin;C:\Program Files (x86)\NVIDIA Corporation\PhysX\Common;C:\Program Files\NVIDIA Corporation\NVIDIA NvDLISR;C:\Program Files\nodejs\;C:\Program Files\Git\cmd;C:\Users\Abhishek chauhan\AppData\Local\Microsoft\WindowsApps;C:\Program Files\kotlinc\bin;C:\Program Files\JetBrains\IntelliJ IDEA 2023.3.2\bin;;C:\Program Files\JetBrains\CLion 2023.2.1\bin;;C:\Users\Abhishek chauhan\AppData\Roaming\npm;C:\Users\Abhishek chauhan\AppData\Local\Programs\Microsoft VS Code\bin;C:\Program Files\Git\bin;C:\Users\Abhishek chauhan\AppData\Local\GitHubDesktop\bin
USERNAME=Abhishek chauhan
OS=Windows_NT
PROCESSOR_IDENTIFIER=Intel64 Family 6 Model 158 Stepping 9, GenuineIntel
TMP=C:\Users\ABHISH~1\AppData\Local\Temp
TEMP=C:\Users\ABHISH~1\AppData\Local\Temp



Periodic native trim disabled

JNI global refs:
JNI global refs: 0, weak refs: 0

JNI global refs memory usage: 0, weak refs: 0

OOME stack traces (most recent first):
Classloader memory used:


---------------  S Y S T E M  ---------------

OS:
 Windows 10 , 64 bit Build 19041 (10.0.19041.3636)
OS uptime: 3 days 21:01 hours
Hyper-V role detected

CPU: total 8 (initial active 8) (4 cores per cpu, 2 threads per core) family 6 model 158 stepping 9 microcode 0xb4, cx8, cmov, fxsr, ht, mmx, 3dnowpref, sse, sse2, sse3, ssse3, sse4.1, sse4.2, popcnt, lzcnt, tsc, tscinvbit, avx, avx2, aes, erms, clmul, bmi1, bmi2, adx, fma, vzeroupper, clflush, clflushopt, hv
Processor Information for all 8 processors :
  Max Mhz: 2801, Current Mhz: 2800, Mhz Limit: 2772

Memory: 4k page, system-wide physical 16259M (872M free)
TotalPageFile size 33824M (AvailPageFile size 198M)
current process WorkingSet (physical memory assigned to process): 10M, peak: 10M
current process commit charge ("private bytes"): 60M, peak: 316M

vm_info: OpenJDK 64-Bit Server VM (17.0.9+0--11185874) for windows-amd64 JRE (17.0.9+0--11185874), built on Dec  6 2023 18:57:44 by "androidbuild" with MS VC++ 16.10 / 16.11 (VS2019)

END.
