#
# There is insufficient memory for the Java Runtime Environment to continue.
# Native memory allocation (mmap) failed to map 79691776 bytes for G1 virtual space
# Possible reasons:
#   The system is out of physical RAM or swap space
#   The process is running with CompressedOops enabled, and the Java Heap may be blocking the growth of the native heap
# Possible solutions:
#   Reduce memory load on the system
#   Increase physical memory or swap space
#   Check if swap backing store is full
#   Decrease Java heap size (-Xmx/-Xms)
#   Decrease number of Java threads
#   Decrease Java thread stack sizes (-Xss)
#   Set larger code cache with -XX:ReservedCodeCacheSize=
#   JVM is running with Zero Based Compressed Oops mode in which the Java heap is
#     placed in the first 32GB address space. The Java Heap base address is the
#     maximum limit for the native heap growth. Please use -XX:HeapBaseMinAddress
#     to set the Java Heap base and to place the Java Heap above 32GB virtual address.
# This output file may be truncated or incomplete.
#
#  Out of Memory Error (os_windows.cpp:3825), pid=1144, tid=14352
#
# JRE version: OpenJDK Runtime Environment (17.0.9) (build 17.0.9+0--11185874)
# Java VM: OpenJDK 64-Bit Server VM (17.0.9+0--11185874, mixed mode, tiered, compressed oops, compressed class ptrs, g1 gc, windows-amd64)
# No core dump will be written. Minidumps are not enabled by default on client versions of Windows
#

---------------  S U M M A R Y ------------

Command Line: org.jetbrains.kotlin.cli.jvm.K2JVMCompiler @C:\Users\Abhishek chauhan\AndroidStudioProjects\food-app\app\build\20240416_15453963510611134119.compiler.options

Host: Intel(R) Core(TM) i7-7700HQ CPU @ 2.80GHz, 8 cores, 15G,  Windows 10 , 64 bit Build 19041 (10.0.19041.3636)
Time: Tue Apr 16 14:48:06 2024 India Standard Time elapsed time: 19.282133 seconds (0d 0h 0m 19s)

---------------  T H R E A D  ---------------

Current thread (0x000002036532e570):  VMThread "VM Thread" [stack: 0x0000000691700000,0x0000000691800000] [id=14352]

Stack: [0x0000000691700000,0x0000000691800000]
Native frames: (J=compiled Java code, j=interpreted, Vv=VM code, C=native code)
V  [jvm.dll+0x6886e9]
V  [jvm.dll+0x841e4a]
V  [jvm.dll+0x843a8e]
V  [jvm.dll+0x8440f3]
V  [jvm.dll+0x24c14f]
V  [jvm.dll+0x685499]
V  [jvm.dll+0x679c2a]
V  [jvm.dll+0x30cf9b]
V  [jvm.dll+0x314446]
V  [jvm.dll+0x36425e]
V  [jvm.dll+0x36448f]
V  [jvm.dll+0x2e2d68]
V  [jvm.dll+0x2e0f44]
V  [jvm.dll+0x2e054c]
V  [jvm.dll+0x3253fb]
V  [jvm.dll+0x8487eb]
V  [jvm.dll+0x849531]
V  [jvm.dll+0x849a4d]
V  [jvm.dll+0x849e24]
V  [jvm.dll+0x849ef0]
V  [jvm.dll+0x7f06aa]
V  [jvm.dll+0x687565]
C  [ucrtbase.dll+0x21bb2]
C  [KERNEL32.DLL+0x17344]
C  [ntdll.dll+0x526b1]

VM_Operation (0x00000006911fb120): G1CollectForAllocation, mode: safepoint, requested by thread 0x000002034696dbe0


---------------  P R O C E S S  ---------------

Threads class SMR info:
_java_thread_list=0x000002036ca36df0, length=14, elements={
0x000002034696dbe0, 0x00000203654c5260, 0x00000203654c6880, 0x00000203654f47c0,
0x00000203654f62a0, 0x00000203654f9510, 0x00000203654f9ed0, 0x0000020365533ab0,
0x00000203655343c0, 0x0000020365536ce0, 0x0000020365687450, 0x0000020365699010,
0x000002036e878390, 0x000002036e87b360
}

Java Threads: ( => current thread )
  0x000002034696dbe0 JavaThread "main" [_thread_blocked, id=16468, stack(0x0000000691100000,0x0000000691200000)]
  0x00000203654c5260 JavaThread "Reference Handler" daemon [_thread_blocked, id=5888, stack(0x0000000691800000,0x0000000691900000)]
  0x00000203654c6880 JavaThread "Finalizer" daemon [_thread_blocked, id=13832, stack(0x0000000691900000,0x0000000691a00000)]
  0x00000203654f47c0 JavaThread "Signal Dispatcher" daemon [_thread_blocked, id=19476, stack(0x0000000691a00000,0x0000000691b00000)]
  0x00000203654f62a0 JavaThread "Attach Listener" daemon [_thread_blocked, id=10980, stack(0x0000000691b00000,0x0000000691c00000)]
  0x00000203654f9510 JavaThread "Service Thread" daemon [_thread_blocked, id=16752, stack(0x0000000691c00000,0x0000000691d00000)]
  0x00000203654f9ed0 JavaThread "Monitor Deflation Thread" daemon [_thread_blocked, id=3140, stack(0x0000000691d00000,0x0000000691e00000)]
  0x0000020365533ab0 JavaThread "C2 CompilerThread0" daemon [_thread_blocked, id=8560, stack(0x0000000691e00000,0x0000000691f00000)]
  0x00000203655343c0 JavaThread "C1 CompilerThread0" daemon [_thread_blocked, id=14156, stack(0x0000000691f00000,0x0000000692000000)]
  0x0000020365536ce0 JavaThread "Sweeper thread" daemon [_thread_blocked, id=14560, stack(0x0000000692000000,0x0000000692100000)]
  0x0000020365687450 JavaThread "Notification Thread" daemon [_thread_blocked, id=6704, stack(0x0000000692100000,0x0000000692200000)]
  0x0000020365699010 JavaThread "Common-Cleaner" daemon [_thread_blocked, id=10188, stack(0x0000000692300000,0x0000000692400000)]
  0x000002036e878390 JavaThread "C2 CompilerThread1" daemon [_thread_in_native, id=13748, stack(0x0000000692400000,0x0000000692500000)]
  0x000002036e87b360 JavaThread "C2 CompilerThread2" daemon [_thread_blocked, id=11760, stack(0x0000000692d00000,0x0000000692e00000)]

Other Threads:
=>0x000002036532e570 VMThread "VM Thread" [stack: 0x0000000691700000,0x0000000691800000] [id=14352]
  0x0000020365687930 WatcherThread [stack: 0x0000000692200000,0x0000000692300000] [id=5216]
  0x00000203469d8d30 GCTaskThread "GC Thread#0" [stack: 0x0000000691200000,0x0000000691300000] [id=19128]
  0x000002036a317290 GCTaskThread "GC Thread#1" [stack: 0x0000000692500000,0x0000000692600000] [id=14132]
  0x000002036a2f7540 GCTaskThread "GC Thread#2" [stack: 0x0000000692600000,0x0000000692700000] [id=8812]
  0x000002036a35b070 GCTaskThread "GC Thread#3" [stack: 0x0000000692700000,0x0000000692800000] [id=8244]
  0x000002036a35b330 GCTaskThread "GC Thread#4" [stack: 0x0000000692800000,0x0000000692900000] [id=16840]
  0x000002036a35b5f0 GCTaskThread "GC Thread#5" [stack: 0x0000000692900000,0x0000000692a00000] [id=5024]
  0x000002036ab830f0 GCTaskThread "GC Thread#6" [stack: 0x0000000692a00000,0x0000000692b00000] [id=6548]
  0x000002036abee7b0 GCTaskThread "GC Thread#7" [stack: 0x0000000692b00000,0x0000000692c00000] [id=18812]
  0x00000203469e9a90 ConcurrentGCThread "G1 Main Marker" [stack: 0x0000000691300000,0x0000000691400000] [id=16244]
  0x00000203469ebc60 ConcurrentGCThread "G1 Conc#0" [stack: 0x0000000691400000,0x0000000691500000] [id=8556]
  0x000002036abeea70 ConcurrentGCThread "G1 Conc#1" [stack: 0x0000000692c00000,0x0000000692d00000] [id=18380]
  0x00000203651c44f0 ConcurrentGCThread "G1 Refine#0" [stack: 0x0000000691500000,0x0000000691600000] [id=4264]
  0x000002036aea6cd0 ConcurrentGCThread "G1 Refine#1" [stack: 0x0000000692e00000,0x0000000692f00000] [id=15740]
  0x000002036bb85940 ConcurrentGCThread "G1 Refine#2" [stack: 0x0000000692f00000,0x0000000693000000] [id=14076]
  0x00000203651c4f20 ConcurrentGCThread "G1 Service" [stack: 0x0000000691600000,0x0000000691700000] [id=1792]

Threads with active compile tasks:
C1 CompilerThread0    19309 15709       3       org.jetbrains.kotlin.backend.jvm.lower.UpdateFunctionCallSites::visitComposite (7 bytes)
C2 CompilerThread1    19309 15641       4       org.jetbrains.org.objectweb.asm.ClassReader::accept (1380 bytes)

VM state: at safepoint (normal execution)

VM Mutex/Monitor currently owned by a thread:  ([mutex/lock_event])
[0x000002034696a8a0] Threads_lock - owner thread: 0x000002036532e570
[0x00000203469698e0] Heap_lock - owner thread: 0x000002034696dbe0

Heap address: 0x0000000701e00000, size: 4066 MB, Compressed Oops mode: Zero based, Oop shift amount: 3

CDS archive(s) not mapped
Compressed class space mapped at: 0x0000000800000000-0x0000000840000000, reserved size: 1073741824
Narrow klass base: 0x0000000800000000, Narrow klass shift: 0, Narrow klass range: 0x40000000

GC Precious Log:
 CPUs: 8 total, 8 available
 Memory: 16259M
 Large Page Support: Disabled
 NUMA Support: Disabled
 Compressed Oops: Enabled (Zero based)
 Heap Region Size: 2M
 Heap Min Capacity: 8M
 Heap Initial Capacity: 256M
 Heap Max Capacity: 4066M
 Pre-touch: Disabled
 Parallel Workers: 8
 Concurrent Workers: 2
 Concurrent Refinement Workers: 8
 Periodic GC: Disabled

Heap:
 garbage-first heap   total 141312K, used 83513K [0x0000000701e00000, 0x0000000800000000)
  region size 2048K, 1 young (2048K), 1 survivors (2048K)
 Metaspace       used 82805K, committed 83200K, reserved 1179648K
  class space    used 9061K, committed 9280K, reserved 1048576K

Heap Regions: E=young(eden), S=young(survivor), O=old, HS=humongous(starts), HC=humongous(continues), CS=collection set, F=free, OA=open archive, CA=closed archive, TAMS=top-at-mark-start (previous, next)
|   0|0x0000000701e00000, 0x0000000702000000, 0x0000000702000000|100%|HS|  |TAMS 0x0000000702000000, 0x0000000702000000| Complete 
|   1|0x0000000702000000, 0x0000000702200000, 0x0000000702200000|100%|HC|  |TAMS 0x0000000702200000, 0x0000000702200000| Complete 
|   2|0x0000000702200000, 0x0000000702200000, 0x0000000702400000|  0%| F|  |TAMS 0x0000000702200000, 0x0000000702200000| Untracked 
|   3|0x0000000702400000, 0x0000000702600000, 0x0000000702600000|100%| O|  |TAMS 0x0000000702600000, 0x0000000702600000| Untracked 
|   4|0x0000000702600000, 0x0000000702800000, 0x0000000702800000|100%| O|  |TAMS 0x0000000702800000, 0x0000000702800000| Untracked 
|   5|0x0000000702800000, 0x0000000702a00000, 0x0000000702a00000|100%| O|  |TAMS 0x0000000702a00000, 0x0000000702a00000| Untracked 
|   6|0x0000000702a00000, 0x0000000702c00000, 0x0000000702c00000|100%| O|  |TAMS 0x0000000702c00000, 0x0000000702c00000| Untracked 
|   7|0x0000000702c00000, 0x0000000702e00000, 0x0000000702e00000|100%| O|  |TAMS 0x0000000702e00000, 0x0000000702e00000| Untracked 
|   8|0x0000000702e00000, 0x0000000703000000, 0x0000000703000000|100%| O|  |TAMS 0x0000000703000000, 0x0000000703000000| Untracked 
|   9|0x0000000703000000, 0x0000000703200000, 0x0000000703200000|100%|HS|  |TAMS 0x0000000703200000, 0x0000000703200000| Complete 
|  10|0x0000000703200000, 0x0000000703400000, 0x0000000703400000|100%| O|  |TAMS 0x0000000703400000, 0x0000000703400000| Untracked 
|  11|0x0000000703400000, 0x0000000703600000, 0x0000000703600000|100%| O|  |TAMS 0x0000000703600000, 0x0000000703600000| Untracked 
|  12|0x0000000703600000, 0x0000000703800000, 0x0000000703800000|100%| O|  |TAMS 0x0000000703800000, 0x0000000703800000| Untracked 
|  13|0x0000000703800000, 0x0000000703a00000, 0x0000000703a00000|100%| O|  |TAMS 0x0000000703a00000, 0x0000000703a00000| Untracked 
|  14|0x0000000703a00000, 0x0000000703c00000, 0x0000000703c00000|100%| O|  |TAMS 0x0000000703c00000, 0x0000000703c00000| Untracked 
|  15|0x0000000703c00000, 0x0000000703e00000, 0x0000000703e00000|100%| O|  |TAMS 0x0000000703e00000, 0x0000000703e00000| Untracked 
|  16|0x0000000703e00000, 0x0000000704000000, 0x0000000704000000|100%| O|  |TAMS 0x0000000704000000, 0x0000000704000000| Untracked 
|  17|0x0000000704000000, 0x0000000704200000, 0x0000000704200000|100%| O|  |TAMS 0x0000000704200000, 0x0000000704200000| Untracked 
|  18|0x0000000704200000, 0x0000000704400000, 0x0000000704400000|100%| O|  |TAMS 0x0000000704400000, 0x0000000704400000| Untracked 
|  19|0x0000000704400000, 0x0000000704600000, 0x0000000704600000|100%| O|  |TAMS 0x0000000704600000, 0x0000000704600000| Untracked 
|  20|0x0000000704600000, 0x0000000704800000, 0x0000000704800000|100%| O|  |TAMS 0x0000000704800000, 0x0000000704800000| Untracked 
|  21|0x0000000704800000, 0x0000000704a00000, 0x0000000704a00000|100%| O|  |TAMS 0x0000000704a00000, 0x0000000704a00000| Untracked 
|  22|0x0000000704a00000, 0x0000000704c00000, 0x0000000704c00000|100%| O|  |TAMS 0x0000000704c00000, 0x0000000704c00000| Untracked 
|  23|0x0000000704c00000, 0x0000000704e00000, 0x0000000704e00000|100%| O|  |TAMS 0x0000000704e00000, 0x0000000704e00000| Untracked 
|  24|0x0000000704e00000, 0x0000000705000000, 0x0000000705000000|100%| O|  |TAMS 0x0000000705000000, 0x0000000705000000| Untracked 
|  25|0x0000000705000000, 0x0000000705200000, 0x0000000705200000|100%| O|  |TAMS 0x0000000705200000, 0x0000000705200000| Untracked 
|  26|0x0000000705200000, 0x0000000705400000, 0x0000000705400000|100%| O|  |TAMS 0x0000000705400000, 0x0000000705400000| Untracked 
|  27|0x0000000705400000, 0x0000000705600000, 0x0000000705600000|100%| O|  |TAMS 0x0000000705600000, 0x0000000705600000| Untracked 
|  28|0x0000000705600000, 0x0000000705600000, 0x0000000705800000|  0%| F|  |TAMS 0x0000000705600000, 0x0000000705600000| Untracked 
|  29|0x0000000705800000, 0x0000000705a00000, 0x0000000705a00000|100%| O|  |TAMS 0x0000000705800000, 0x0000000705a00000| Untracked 
|  30|0x0000000705a00000, 0x0000000705c00000, 0x0000000705c00000|100%| O|  |TAMS 0x0000000705c00000, 0x0000000705c00000| Untracked 
|  31|0x0000000705c00000, 0x0000000705e00000, 0x0000000705e00000|100%| O|  |TAMS 0x0000000705e00000, 0x0000000705e00000| Untracked 
|  32|0x0000000705e00000, 0x0000000706000000, 0x0000000706000000|100%| O|  |TAMS 0x0000000706000000, 0x0000000706000000| Untracked 
|  33|0x0000000706000000, 0x0000000706200000, 0x0000000706200000|100%| O|  |TAMS 0x0000000706200000, 0x0000000706200000| Untracked 
|  34|0x0000000706200000, 0x0000000706400000, 0x0000000706400000|100%| O|  |TAMS 0x0000000706400000, 0x0000000706400000| Untracked 
|  35|0x0000000706400000, 0x0000000706600000, 0x0000000706600000|100%| O|  |TAMS 0x00000007064f6e00, 0x0000000706600000| Untracked 
|  36|0x0000000706600000, 0x0000000706800000, 0x0000000706800000|100%| O|  |TAMS 0x0000000706600000, 0x0000000706800000| Untracked 
|  37|0x0000000706800000, 0x0000000706a00000, 0x0000000706a00000|100%| O|  |TAMS 0x0000000706800000, 0x0000000706a00000| Untracked 
|  38|0x0000000706a00000, 0x0000000706c00000, 0x0000000706c00000|100%| O|  |TAMS 0x0000000706a00000, 0x0000000706c00000| Untracked 
|  39|0x0000000706c00000, 0x0000000706e00000, 0x0000000706e00000|100%| O|  |TAMS 0x0000000706c00000, 0x0000000706e00000| Untracked 
|  40|0x0000000706e00000, 0x0000000707000000, 0x0000000707000000|100%| O|  |TAMS 0x0000000706e00000, 0x0000000707000000| Untracked 
|  41|0x0000000707000000, 0x0000000707190e00, 0x0000000707200000| 78%| O|  |TAMS 0x0000000707000000, 0x0000000707190e00| Untracked 
|  42|0x0000000707200000, 0x0000000707200000, 0x0000000707400000|  0%| F|  |TAMS 0x0000000707200000, 0x0000000707200000| Untracked 
|  43|0x0000000707400000, 0x0000000707400000, 0x0000000707600000|  0%| F|  |TAMS 0x0000000707400000, 0x0000000707400000| Untracked 
|  44|0x0000000707600000, 0x0000000707600000, 0x0000000707800000|  0%| F|  |TAMS 0x0000000707600000, 0x0000000707600000| Untracked 
|  45|0x0000000707800000, 0x0000000707800000, 0x0000000707a00000|  0%| F|  |TAMS 0x0000000707800000, 0x0000000707800000| Untracked 
|  46|0x0000000707a00000, 0x0000000707a00000, 0x0000000707c00000|  0%| F|  |TAMS 0x0000000707a00000, 0x0000000707a00000| Untracked 
|  47|0x0000000707c00000, 0x0000000707c00000, 0x0000000707e00000|  0%| F|  |TAMS 0x0000000707c00000, 0x0000000707c00000| Untracked 
|  48|0x0000000707e00000, 0x0000000707e00000, 0x0000000708000000|  0%| F|  |TAMS 0x0000000707e00000, 0x0000000707e00000| Untracked 
|  49|0x0000000708000000, 0x0000000708000000, 0x0000000708200000|  0%| F|  |TAMS 0x0000000708000000, 0x0000000708000000| Untracked 
|  50|0x0000000708200000, 0x0000000708200000, 0x0000000708400000|  0%| F|  |TAMS 0x0000000708200000, 0x0000000708200000| Untracked 
|  51|0x0000000708400000, 0x0000000708400000, 0x0000000708600000|  0%| F|  |TAMS 0x0000000708400000, 0x0000000708400000| Untracked 
|  52|0x0000000708600000, 0x00000007087fd700, 0x0000000708800000| 99%| S|CS|TAMS 0x0000000708600000, 0x0000000708600000| Complete 
|  53|0x0000000708800000, 0x0000000708800000, 0x0000000708a00000|  0%| F|  |TAMS 0x0000000708800000, 0x0000000708800000| Untracked 
|  54|0x0000000708a00000, 0x0000000708a00000, 0x0000000708c00000|  0%| F|  |TAMS 0x0000000708a00000, 0x0000000708a00000| Untracked 
|  55|0x0000000708c00000, 0x0000000708c00000, 0x0000000708e00000|  0%| F|  |TAMS 0x0000000708c00000, 0x0000000708c00000| Untracked 
|  56|0x0000000708e00000, 0x0000000708e00000, 0x0000000709000000|  0%| F|  |TAMS 0x0000000708e00000, 0x0000000708e00000| Untracked 
|  57|0x0000000709000000, 0x0000000709000000, 0x0000000709200000|  0%| F|  |TAMS 0x0000000709000000, 0x0000000709000000| Untracked 
|  58|0x0000000709200000, 0x0000000709200000, 0x0000000709400000|  0%| F|  |TAMS 0x0000000709200000, 0x0000000709200000| Untracked 
|  59|0x0000000709400000, 0x0000000709400000, 0x0000000709600000|  0%| F|  |TAMS 0x0000000709400000, 0x0000000709400000| Untracked 
|  60|0x0000000709600000, 0x0000000709600000, 0x0000000709800000|  0%| F|  |TAMS 0x0000000709600000, 0x0000000709600000| Untracked 
|  61|0x0000000709800000, 0x0000000709800000, 0x0000000709a00000|  0%| F|  |TAMS 0x0000000709800000, 0x0000000709800000| Untracked 
|  62|0x0000000709a00000, 0x0000000709a00000, 0x0000000709c00000|  0%| F|  |TAMS 0x0000000709a00000, 0x0000000709a00000| Untracked 
|  63|0x0000000709c00000, 0x0000000709c00000, 0x0000000709e00000|  0%| F|  |TAMS 0x0000000709c00000, 0x0000000709c00000| Untracked 
|  64|0x0000000709e00000, 0x0000000709e00000, 0x000000070a000000|  0%| F|  |TAMS 0x0000000709e00000, 0x0000000709e00000| Untracked 
|  65|0x000000070a000000, 0x000000070a000000, 0x000000070a200000|  0%| F|  |TAMS 0x000000070a000000, 0x000000070a000000| Untracked 
|  66|0x000000070a200000, 0x000000070a200000, 0x000000070a400000|  0%| F|  |TAMS 0x000000070a200000, 0x000000070a200000| Untracked 
| 105|0x000000070f000000, 0x000000070f000000, 0x000000070f200000|  0%| F|  |TAMS 0x000000070f000000, 0x000000070f000000| Untracked 
| 127|0x0000000711c00000, 0x0000000711c00000, 0x0000000711e00000|  0%| F|  |TAMS 0x0000000711c00000, 0x0000000711c00000| Untracked 

Card table byte_map: [0x0000020359980000,0x000002035a180000] _byte_map_base: 0x0000020356171000

Marking Bits (Prev, Next): (CMBitMap*) 0x00000203469d9350, (CMBitMap*) 0x00000203469d9390
 Prev Bits: [0x000002035a980000, 0x000002035e908000)
 Next Bits: [0x000002035e910000, 0x0000020362898000)

Polling page: 0x0000020346130000

Metaspace:

Usage:
  Non-class:     72.01 MB used.
      Class:      8.85 MB used.
       Both:     80.86 MB used.

Virtual space:
  Non-class space:      128.00 MB reserved,      72.19 MB ( 56%) committed,  2 nodes.
      Class space:        1.00 GB reserved,       9.06 MB ( <1%) committed,  1 nodes.
             Both:        1.12 GB reserved,      81.25 MB (  7%) committed. 

Chunk freelists:
   Non-Class:  7.78 MB
       Class:  6.92 MB
        Both:  14.70 MB

MaxMetaspaceSize: unlimited
CompressedClassSpaceSize: 1.00 GB
Initial GC threshold: 21.00 MB
Current GC threshold: 123.44 MB
CDS: off
MetaspaceReclaimPolicy: balanced
 - commit_granule_bytes: 65536.
 - commit_granule_words: 8192.
 - virtual_space_node_default_size: 8388608.
 - enlarge_chunks_in_place: 1.
 - new_chunks_are_fully_committed: 0.
 - uncommit_free_chunks: 1.
 - use_allocation_guard: 0.
 - handle_deallocations: 1.


Internal statistics:

num_allocs_failed_limit: 6.
num_arena_births: 456.
num_arena_deaths: 0.
num_vsnodes_births: 3.
num_vsnodes_deaths: 0.
num_space_committed: 1298.
num_space_uncommitted: 0.
num_chunks_returned_to_freelist: 6.
num_chunks_taken_from_freelist: 3201.
num_chunk_merges: 6.
num_chunk_splits: 2572.
num_chunks_enlarged: 2188.
num_inconsistent_stats: 0.

CodeHeap 'non-profiled nmethods': size=120000Kb used=7700Kb max_used=7700Kb free=112299Kb
 bounds [0x0000020351920000, 0x00000203520b0000, 0x0000020358e50000]
CodeHeap 'profiled nmethods': size=120000Kb used=41062Kb max_used=41062Kb free=78937Kb
 bounds [0x0000020349e50000, 0x000002034c670000, 0x0000020351380000]
CodeHeap 'non-nmethods': size=5760Kb used=1402Kb max_used=1478Kb free=4358Kb
 bounds [0x0000020351380000, 0x00000203515f0000, 0x0000020351920000]
 total_blobs=13986 nmethods=13259 adapters=635
 compilation: enabled
              stopped_count=0, restarted_count=0
 full_count=0

Compilation events (20 events):
Event: 19.254 Thread 0x000002036e87b360 15714       4       org.jetbrains.kotlin.backend.common.ClassLoweringVisitor::visitGetField (13 bytes)
Event: 19.256 Thread 0x00000203655343c0 nmethod 15699 0x000002034c656490 code [0x000002034c656b60, 0x000002034c65a518]
Event: 19.256 Thread 0x00000203655343c0 15700       3       org.jetbrains.kotlin.backend.jvm.lower.UpdateFunctionCallSites::visitValueAccess (10 bytes)
Event: 19.257 Thread 0x000002036e87b360 nmethod 15714 0x00000203520a4890 code [0x00000203520a4a40, 0x00000203520a4b78]
Event: 19.257 Thread 0x000002036e87b360 15715       4       org.jetbrains.kotlin.ir.visitors.IrElementTransformerVoid::visitSetValue (16 bytes)
Event: 19.257 Thread 0x00000203655343c0 nmethod 15700 0x000002034c65b910 code [0x000002034c65bba0, 0x000002034c65c7e8]
Event: 19.257 Thread 0x00000203655343c0 15703       3       org.jetbrains.kotlin.backend.jvm.lower.UpdateFunctionCallSites::visitGetValue (10 bytes)
Event: 19.258 Thread 0x000002036e87b360 nmethod 15715 0x00000203520a4e10 code [0x00000203520a4f80, 0x00000203520a5038]
Event: 19.258 Thread 0x00000203655343c0 nmethod 15703 0x000002034c65cc90 code [0x000002034c65cf00, 0x000002034c65d978]
Event: 19.258 Thread 0x00000203655343c0 15704       3       org.jetbrains.kotlin.backend.jvm.lower.UpdateFunctionCallSites::visitGetValue (7 bytes)
Event: 19.259 Thread 0x00000203655343c0 nmethod 15704 0x000002034c65dd90 code [0x000002034c65e040, 0x000002034c65ec68]
Event: 19.259 Thread 0x00000203655343c0 15717       3       org.jetbrains.kotlin.backend.jvm.lower.ResolveInlineCalls::visitCall (274 bytes)
Event: 19.266 Thread 0x00000203655343c0 nmethod 15717 0x000002034c65f110 code [0x000002034c65fd20, 0x000002034c6675f8]
Event: 19.267 Thread 0x00000203655343c0 15705       3       org.jetbrains.kotlin.backend.jvm.lower.UpdateFunctionCallSites::visitContainerExpression (10 bytes)
Event: 19.267 Thread 0x00000203655343c0 nmethod 15705 0x000002034c669990 code [0x000002034c669c00, 0x000002034c66a7b8]
Event: 19.267 Thread 0x00000203655343c0 15706       3       org.jetbrains.kotlin.backend.jvm.lower.UpdateFunctionCallSites::visitContainerExpression (7 bytes)
Event: 19.269 Thread 0x00000203655343c0 nmethod 15706 0x000002034c66ac10 code [0x000002034c66aec0, 0x000002034c66bc28]
Event: 19.269 Thread 0x00000203655343c0 15708       3       org.jetbrains.kotlin.backend.jvm.lower.UpdateFunctionCallSites::visitComposite (10 bytes)
Event: 19.270 Thread 0x00000203655343c0 nmethod 15708 0x000002034c66c110 code [0x000002034c66c3a0, 0x000002034c66cfe8]
Event: 19.270 Thread 0x00000203655343c0 15709       3       org.jetbrains.kotlin.backend.jvm.lower.UpdateFunctionCallSites::visitComposite (7 bytes)

GC Heap History (20 events):
Event: 10.266 GC heap after
{Heap after GC invocations=23 (full 0):
 garbage-first heap   total 100352K, used 56687K [0x0000000701e00000, 0x0000000800000000)
  region size 2048K, 1 young (2048K), 1 survivors (2048K)
 Metaspace       used 59702K, committed 60032K, reserved 1114112K
  class space    used 6824K, committed 6976K, reserved 1048576K
}
Event: 11.311 GC heap before
{Heap before GC invocations=23 (full 0):
 garbage-first heap   total 100352K, used 79215K [0x0000000701e00000, 0x0000000800000000)
  region size 2048K, 12 young (24576K), 1 survivors (2048K)
 Metaspace       used 60206K, committed 60544K, reserved 1114112K
  class space    used 6826K, committed 6976K, reserved 1048576K
}
Event: 11.321 GC heap after
{Heap after GC invocations=24 (full 0):
 garbage-first heap   total 100352K, used 58547K [0x0000000701e00000, 0x0000000800000000)
  region size 2048K, 2 young (4096K), 2 survivors (4096K)
 Metaspace       used 60206K, committed 60544K, reserved 1114112K
  class space    used 6826K, committed 6976K, reserved 1048576K
}
Event: 12.064 GC heap before
{Heap before GC invocations=25 (full 0):
 garbage-first heap   total 110592K, used 76979K [0x0000000701e00000, 0x0000000800000000)
  region size 2048K, 11 young (22528K), 2 survivors (4096K)
 Metaspace       used 60549K, committed 60928K, reserved 1114112K
  class space    used 6847K, committed 7040K, reserved 1048576K
}
Event: 12.079 GC heap after
{Heap after GC invocations=26 (full 0):
 garbage-first heap   total 110592K, used 60508K [0x0000000701e00000, 0x0000000800000000)
  region size 2048K, 2 young (4096K), 2 survivors (4096K)
 Metaspace       used 60549K, committed 60928K, reserved 1114112K
  class space    used 6847K, committed 7040K, reserved 1048576K
}
Event: 12.768 GC heap before
{Heap before GC invocations=26 (full 0):
 garbage-first heap   total 110592K, used 76892K [0x0000000701e00000, 0x0000000800000000)
  region size 2048K, 11 young (22528K), 2 survivors (4096K)
 Metaspace       used 60930K, committed 61248K, reserved 1114112K
  class space    used 6885K, committed 7040K, reserved 1048576K
}
Event: 12.781 GC heap after
{Heap after GC invocations=27 (full 0):
 garbage-first heap   total 133120K, used 61669K [0x0000000701e00000, 0x0000000800000000)
  region size 2048K, 2 young (4096K), 2 survivors (4096K)
 Metaspace       used 60930K, committed 61248K, reserved 1114112K
  class space    used 6885K, committed 7040K, reserved 1048576K
}
Event: 14.205 GC heap before
{Heap before GC invocations=27 (full 0):
 garbage-first heap   total 133120K, used 106725K [0x0000000701e00000, 0x0000000800000000)
  region size 2048K, 23 young (47104K), 2 survivors (4096K)
 Metaspace       used 65213K, committed 65536K, reserved 1114112K
  class space    used 7338K, committed 7488K, reserved 1048576K
}
Event: 14.216 GC heap after
{Heap after GC invocations=28 (full 0):
 garbage-first heap   total 133120K, used 66921K [0x0000000701e00000, 0x0000000800000000)
  region size 2048K, 3 young (6144K), 3 survivors (6144K)
 Metaspace       used 65213K, committed 65536K, reserved 1114112K
  class space    used 7338K, committed 7488K, reserved 1048576K
}
Event: 15.526 GC heap before
{Heap before GC invocations=28 (full 0):
 garbage-first heap   total 133120K, used 105833K [0x0000000701e00000, 0x0000000800000000)
  region size 2048K, 22 young (45056K), 3 survivors (6144K)
 Metaspace       used 70950K, committed 71232K, reserved 1114112K
  class space    used 7919K, committed 8064K, reserved 1048576K
}
Event: 15.540 GC heap after
{Heap after GC invocations=29 (full 0):
 garbage-first heap   total 133120K, used 70446K [0x0000000701e00000, 0x0000000800000000)
  region size 2048K, 3 young (6144K), 3 survivors (6144K)
 Metaspace       used 70950K, committed 71232K, reserved 1114112K
  class space    used 7919K, committed 8064K, reserved 1048576K
}
Event: 16.512 GC heap before
{Heap before GC invocations=30 (full 0):
 garbage-first heap   total 133120K, used 107310K [0x0000000701e00000, 0x0000000800000000)
  region size 2048K, 21 young (43008K), 3 survivors (6144K)
 Metaspace       used 71846K, committed 72128K, reserved 1114112K
  class space    used 7990K, committed 8128K, reserved 1048576K
}
Event: 16.536 GC heap after
{Heap after GC invocations=31 (full 0):
 garbage-first heap   total 133120K, used 77862K [0x0000000701e00000, 0x0000000800000000)
  region size 2048K, 3 young (6144K), 3 survivors (6144K)
 Metaspace       used 71846K, committed 72128K, reserved 1114112K
  class space    used 7990K, committed 8128K, reserved 1048576K
}
Event: 17.283 GC heap before
{Heap before GC invocations=31 (full 0):
 garbage-first heap   total 133120K, used 104486K [0x0000000701e00000, 0x0000000800000000)
  region size 2048K, 16 young (32768K), 3 survivors (6144K)
 Metaspace       used 75206K, committed 75584K, reserved 1179648K
  class space    used 8352K, committed 8512K, reserved 1048576K
}
Event: 17.297 GC heap after
{Heap after GC invocations=32 (full 0):
 garbage-first heap   total 133120K, used 81717K [0x0000000701e00000, 0x0000000800000000)
  region size 2048K, 2 young (4096K), 2 survivors (4096K)
 Metaspace       used 75206K, committed 75584K, reserved 1179648K
  class space    used 8352K, committed 8512K, reserved 1048576K
}
Event: 17.875 GC heap before
{Heap before GC invocations=33 (full 0):
 garbage-first heap   total 141312K, used 102197K [0x0000000701e00000, 0x0000000800000000)
  region size 2048K, 14 young (28672K), 2 survivors (4096K)
 Metaspace       used 78601K, committed 79040K, reserved 1179648K
  class space    used 8695K, committed 8896K, reserved 1048576K
}
Event: 17.887 GC heap after
{Heap after GC invocations=34 (full 0):
 garbage-first heap   total 141312K, used 82922K [0x0000000701e00000, 0x0000000800000000)
  region size 2048K, 2 young (4096K), 2 survivors (4096K)
 Metaspace       used 78601K, committed 79040K, reserved 1179648K
  class space    used 8695K, committed 8896K, reserved 1048576K
}
Event: 17.933 GC heap before
{Heap before GC invocations=34 (full 0):
 garbage-first heap   total 141312K, used 84970K [0x0000000701e00000, 0x0000000800000000)
  region size 2048K, 3 young (6144K), 2 survivors (4096K)
 Metaspace       used 78937K, committed 79296K, reserved 1179648K
  class space    used 8737K, committed 8896K, reserved 1048576K
}
Event: 17.947 GC heap after
{Heap after GC invocations=35 (full 0):
 garbage-first heap   total 141312K, used 82081K [0x0000000701e00000, 0x0000000800000000)
  region size 2048K, 1 young (2048K), 1 survivors (2048K)
 Metaspace       used 78937K, committed 79296K, reserved 1179648K
  class space    used 8737K, committed 8896K, reserved 1048576K
}
Event: 19.270 GC heap before
{Heap before GC invocations=35 (full 0):
 garbage-first heap   total 141312K, used 112801K [0x0000000701e00000, 0x0000000800000000)
  region size 2048K, 16 young (32768K), 1 survivors (2048K)
 Metaspace       used 82805K, committed 83200K, reserved 1179648K
  class space    used 9061K, committed 9280K, reserved 1048576K
}

Dll operation events (2 events):
Event: 0.010 Loaded shared library C:\Program Files\Android\Android Studio\jbr\bin\java.dll
Event: 1.822 Loaded shared library C:\Program Files\Android\Android Studio\jbr\bin\verify.dll

Deoptimization events (20 events):
Event: 19.068 Thread 0x000002034696dbe0 DEOPT PACKING pc=0x0000020351d63b3c sp=0x00000006911fda50
Event: 19.068 Thread 0x000002034696dbe0 DEOPT UNPACKING pc=0x00000203513d69a3 sp=0x00000006911fda28 mode 2
Event: 19.100 Thread 0x000002034696dbe0 DEOPT PACKING pc=0x000002034b173304 sp=0x00000006911fbe10
Event: 19.100 Thread 0x000002034696dbe0 DEOPT UNPACKING pc=0x00000203513d7143 sp=0x00000006911fb3e0 mode 0
Event: 19.187 Thread 0x000002034696dbe0 Uncommon trap: trap_request=0xffffffde fr.pc=0x0000020351f43c00 relative=0x00000000000029c0
Event: 19.187 Thread 0x000002034696dbe0 Uncommon trap: reason=class_check action=maybe_recompile pc=0x0000020351f43c00 method=org.jetbrains.kotlin.ir.util.IrUtilsKt.remapTypeParameters(Lorg/jetbrains/kotlin/ir/types/IrType;Lorg/jetbrains/kotlin/ir/declarations/IrTypeParametersContainer;Lorg/jet
Event: 19.187 Thread 0x000002034696dbe0 DEOPT PACKING pc=0x0000020351f43c00 sp=0x00000006911fc3d0
Event: 19.187 Thread 0x000002034696dbe0 DEOPT UNPACKING pc=0x00000203513d69a3 sp=0x00000006911fc340 mode 2
Event: 19.192 Thread 0x000002034696dbe0 Uncommon trap: trap_request=0xffffffde fr.pc=0x0000020351f43c00 relative=0x00000000000029c0
Event: 19.192 Thread 0x000002034696dbe0 Uncommon trap: reason=class_check action=maybe_recompile pc=0x0000020351f43c00 method=org.jetbrains.kotlin.ir.util.IrUtilsKt.remapTypeParameters(Lorg/jetbrains/kotlin/ir/types/IrType;Lorg/jetbrains/kotlin/ir/declarations/IrTypeParametersContainer;Lorg/jet
Event: 19.192 Thread 0x000002034696dbe0 DEOPT PACKING pc=0x0000020351f43c00 sp=0x00000006911fcad0
Event: 19.192 Thread 0x000002034696dbe0 DEOPT UNPACKING pc=0x00000203513d69a3 sp=0x00000006911fca40 mode 2
Event: 19.194 Thread 0x000002034696dbe0 Uncommon trap: trap_request=0xffffffde fr.pc=0x0000020351f43c00 relative=0x00000000000029c0
Event: 19.194 Thread 0x000002034696dbe0 Uncommon trap: reason=class_check action=maybe_recompile pc=0x0000020351f43c00 method=org.jetbrains.kotlin.ir.util.IrUtilsKt.remapTypeParameters(Lorg/jetbrains/kotlin/ir/types/IrType;Lorg/jetbrains/kotlin/ir/declarations/IrTypeParametersContainer;Lorg/jet
Event: 19.194 Thread 0x000002034696dbe0 DEOPT PACKING pc=0x0000020351f43c00 sp=0x00000006911fc610
Event: 19.194 Thread 0x000002034696dbe0 DEOPT UNPACKING pc=0x00000203513d69a3 sp=0x00000006911fc580 mode 2
Event: 19.205 Thread 0x000002034696dbe0 Uncommon trap: trap_request=0xffffff45 fr.pc=0x0000020352091688 relative=0x0000000000000bc8
Event: 19.205 Thread 0x000002034696dbe0 Uncommon trap: reason=unstable_if action=reinterpret pc=0x0000020352091688 method=org.jetbrains.kotlin.backend.jvm.MemoizedInlineClassReplacements.quickCheckIfFunctionIsNotApplicable(Lorg/jetbrains/kotlin/ir/declarations/IrFunction;)Z @ 93 c2
Event: 19.205 Thread 0x000002034696dbe0 DEOPT PACKING pc=0x0000020352091688 sp=0x00000006911fa440
Event: 19.205 Thread 0x000002034696dbe0 DEOPT UNPACKING pc=0x00000203513d69a3 sp=0x00000006911fa3f8 mode 2

Classes unloaded (0 events):
No events

Classes redefined (0 events):
No events

Internal exceptions (20 events):
Event: 6.564 Thread 0x000002034696dbe0 Exception <a 'java/lang/NoSuchMethodError'{0x0000000706056688}: 'int java.lang.invoke.DirectMethodHandle$Holder.invokeInterface(java.lang.Object, java.lang.Object)'> (0x0000000706056688) 
thrown [s\src\hotspot\share\interpreter\linkResolver.cpp, line 771]
Event: 7.118 Thread 0x000002034696dbe0 Exception <a 'java/lang/NoSuchMethodError'{0x00000007070fe468}: 'java.lang.Object java.lang.invoke.DirectMethodHandle$Holder.newInvokeSpecial(java.lang.Object, java.lang.Object, java.lang.Object, java.lang.Object, java.lang.Object, java.lang.Object, java.lang.Object)'> (0x00000007070fe468) 
thrown [s\src\hotspot\share\interpreter\linkResolver.cpp, line 771]
Event: 7.119 Thread 0x000002034696dbe0 Exception <a 'java/lang/NoSuchMethodError'{0x00000007071032c8}: 'java.lang.Object java.lang.invoke.Invokers$Holder.linkToTargetMethod(java.lang.Object, java.lang.Object, java.lang.Object, java.lang.Object, java.lang.Object, java.lang.Object, java.lang.Object)'> (0x00000007071032c8) 
thrown [s\src\hotspot\share\interpreter\linkResolver.cpp, line 771]
Event: 7.369 Thread 0x000002034696dbe0 Exception <a 'java/lang/NoSuchMethodError'{0x0000000706921d20}: 'int java.lang.invoke.DirectMethodHandle$Holder.invokeStaticInit(java.lang.Object, int)'> (0x0000000706921d20) 
thrown [s\src\hotspot\share\interpreter\linkResolver.cpp, line 771]
Event: 8.098 Thread 0x000002034696dbe0 Implicit null exception at 0x0000020351a249a0 to 0x0000020351a24a98
Event: 8.098 Thread 0x000002034696dbe0 Implicit null exception at 0x00000203519870e0 to 0x000002035198717a
Event: 9.607 Thread 0x000002034696dbe0 Exception <a 'java/lang/NoSuchMethodError'{0x0000000707950118}: 'java.lang.Object java.lang.invoke.DirectMethodHandle$Holder.invokeInterface(java.lang.Object, java.lang.Object, java.lang.Object)'> (0x0000000707950118) 
thrown [s\src\hotspot\share\interpreter\linkResolver.cpp, line 771]
Event: 9.607 Thread 0x000002034696dbe0 Exception <a 'java/lang/IncompatibleClassChangeError'{0x00000007079547d0}: Found class java.lang.Object, but interface was expected> (0x00000007079547d0) 
thrown [s\src\hotspot\share\interpreter\linkResolver.cpp, line 838]
Event: 11.484 Thread 0x000002034696dbe0 Exception <a 'java/lang/NoSuchMethodError'{0x00000007085254c0}: 'java.lang.Object java.lang.invoke.DirectMethodHandle$Holder.invokeStatic(java.lang.Object, int, java.lang.Object)'> (0x00000007085254c0) 
thrown [s\src\hotspot\share\interpreter\linkResolver.cpp, line 771]
Event: 13.548 Thread 0x000002034696dbe0 Implicit null exception at 0x00000203519bff0f to 0x00000203519c0198
Event: 13.880 Thread 0x000002034696dbe0 Implicit null exception at 0x0000020351d777e0 to 0x0000020351d77ae8
Event: 14.079 Thread 0x000002034696dbe0 Exception <a 'java/lang/NoSuchMethodError'{0x0000000707d910f0}: 'java.lang.Object java.lang.invoke.DirectMethodHandle$Holder.invokeStaticInit(java.lang.Object, java.lang.Object, java.lang.Object, java.lang.Object)'> (0x0000000707d910f0) 
thrown [s\src\hotspot\share\interpreter\linkResolver.cpp, line 771]
Event: 14.351 Thread 0x000002034696dbe0 Exception <a 'java/lang/NoSuchMethodError'{0x00000007099464c0}: 'java.lang.Object java.lang.invoke.DirectMethodHandle$Holder.newInvokeSpecial(java.lang.Object, java.lang.Object, java.lang.Object, int, int)'> (0x00000007099464c0) 
thrown [s\src\hotspot\share\interpreter\linkResolver.cpp, line 771]
Event: 14.351 Thread 0x000002034696dbe0 Exception <a 'java/lang/NoSuchMethodError'{0x000000070994a300}: 'java.lang.Object java.lang.invoke.DirectMethodHandle$Holder.invokeSpecial(java.lang.Object, java.lang.Object, java.lang.Object, java.lang.Object, int, int)'> (0x000000070994a300) 
thrown [s\src\hotspot\share\interpreter\linkResolver.cpp, line 771]
Event: 14.678 Thread 0x000002034696dbe0 Exception <a 'java/lang/NoSuchMethodError'{0x0000000708f2cd78}: 'java.lang.Object java.lang.invoke.DirectMethodHandle$Holder.newInvokeSpecial(java.lang.Object, java.lang.Object, int, int, java.lang.Object, java.lang.Object, java.lang.Object)'> (0x0000000708f2cd78) 
thrown [s\src\hotspot\share\interpreter\linkResolver.cpp, line 771]
Event: 14.678 Thread 0x000002034696dbe0 Exception <a 'java/lang/NoSuchMethodError'{0x0000000708f318c8}: 'java.lang.Object java.lang.invoke.DirectMethodHandle$Holder.invokeSpecial(java.lang.Object, java.lang.Object, java.lang.Object, int, int, java.lang.Object, java.lang.Object, java.lang.Object)'> (0x0000000708f318c8) 
thrown [s\src\hotspot\share\interpreter\linkResolver.cpp, line 771]
Event: 14.692 Thread 0x000002034696dbe0 Exception <a 'java/lang/NoSuchMethodError'{0x0000000708f85a20}: 'java.lang.Object java.lang.invoke.DirectMethodHandle$Holder.invokeSpecial(java.lang.Object, java.lang.Object, int, int, java.lang.Object, java.lang.Object, java.lang.Object, java.lang.Object, java.lang.Object)'> (0x0000000708f85a20) 
thrown [s\src\hotspot\share\interpreter\linkResolver.cpp, line 771]
Event: 14.724 Thread 0x000002034696dbe0 Implicit null exception at 0x000002035198da20 to 0x000002035198dd14
Event: 14.925 Thread 0x000002034696dbe0 Exception <a 'java/lang/NoSuchMethodError'{0x0000000708babe20}: 'java.lang.Object java.lang.invoke.DirectMethodHandle$Holder.newInvokeSpecial(java.lang.Object, int, java.lang.Object, java.lang.Object)'> (0x0000000708babe20) 
thrown [s\src\hotspot\share\interpreter\linkResolver.cpp, line 771]
Event: 17.828 Thread 0x000002034696dbe0 Implicit null exception at 0x0000020351fb7a4d to 0x0000020351fb8b20

VM Operations (20 events):
Event: 18.502 Executing VM operation: HandshakeAllThreads done
Event: 18.570 Executing VM operation: ICBufferFull
Event: 18.570 Executing VM operation: ICBufferFull done
Event: 18.788 Executing VM operation: ICBufferFull
Event: 18.788 Executing VM operation: ICBufferFull done
Event: 18.871 Executing VM operation: HandshakeAllThreads
Event: 18.872 Executing VM operation: HandshakeAllThreads done
Event: 18.873 Executing VM operation: HandshakeAllThreads
Event: 18.873 Executing VM operation: HandshakeAllThreads done
Event: 18.883 Executing VM operation: ICBufferFull
Event: 18.883 Executing VM operation: ICBufferFull done
Event: 19.063 Executing VM operation: ICBufferFull
Event: 19.063 Executing VM operation: ICBufferFull done
Event: 19.089 Executing VM operation: HandshakeAllThreads
Event: 19.089 Executing VM operation: HandshakeAllThreads done
Event: 19.098 Executing VM operation: HandshakeAllThreads
Event: 19.098 Executing VM operation: HandshakeAllThreads done
Event: 19.246 Executing VM operation: ICBufferFull
Event: 19.246 Executing VM operation: ICBufferFull done
Event: 19.270 Executing VM operation: G1CollectForAllocation

Events (20 events):
Event: 18.529 Thread 0x0000020365536ce0 flushing nmethod 0x000002034bc71090
Event: 18.530 Thread 0x0000020365536ce0 flushing nmethod 0x000002034bca7290
Event: 18.530 Thread 0x0000020365536ce0 flushing nmethod 0x000002034bca9810
Event: 18.530 Thread 0x0000020365536ce0 flushing nmethod 0x000002034bcaa690
Event: 18.530 Thread 0x0000020365536ce0 flushing nmethod 0x000002034bccd990
Event: 18.530 Thread 0x0000020365536ce0 flushing nmethod 0x000002034bcd0290
Event: 18.530 Thread 0x0000020365536ce0 flushing nmethod 0x000002034bd02590
Event: 18.531 Thread 0x0000020365536ce0 flushing nmethod 0x000002034bd36310
Event: 18.531 Thread 0x0000020365536ce0 flushing nmethod 0x000002034bd58910
Event: 18.531 Thread 0x0000020365536ce0 flushing nmethod 0x000002034bd80f10
Event: 18.531 Thread 0x0000020365536ce0 flushing nmethod 0x000002034bdd6e10
Event: 18.531 Thread 0x0000020365536ce0 flushing nmethod 0x000002034bdde590
Event: 18.531 Thread 0x0000020365536ce0 flushing nmethod 0x000002034bde0710
Event: 18.531 Thread 0x0000020365536ce0 flushing nmethod 0x000002034bdfd310
Event: 18.532 Thread 0x0000020365536ce0 flushing nmethod 0x000002034be5ec10
Event: 18.532 Thread 0x0000020365536ce0 flushing nmethod 0x000002034bebee90
Event: 18.532 Thread 0x0000020365536ce0 flushing nmethod 0x000002034becab10
Event: 18.532 Thread 0x0000020365536ce0 flushing nmethod 0x000002034beee790
Event: 18.533 Thread 0x0000020365536ce0 flushing nmethod 0x000002034bf7de90
Event: 18.533 Thread 0x0000020365536ce0 flushing nmethod 0x000002034bf81590


Dynamic libraries:
0x00007ff7082b0000 - 0x00007ff7082ba000 	C:\Program Files\Android\Android Studio\jbr\bin\java.exe
0x00007ffebd030000 - 0x00007ffebd228000 	C:\WINDOWS\SYSTEM32\ntdll.dll
0x00007ffebce80000 - 0x00007ffebcf3d000 	C:\WINDOWS\System32\KERNEL32.DLL
0x00007ffeba910000 - 0x00007ffebac06000 	C:\WINDOWS\System32\KERNELBASE.dll
0x00007ffeba810000 - 0x00007ffeba910000 	C:\WINDOWS\System32\ucrtbase.dll
0x00007ffeb3860000 - 0x00007ffeb387b000 	C:\Program Files\Android\Android Studio\jbr\bin\VCRUNTIME140.dll
0x00007ffea2240000 - 0x00007ffea2257000 	C:\Program Files\Android\Android Studio\jbr\bin\jli.dll
0x00007ffebbf10000 - 0x00007ffebc0af000 	C:\WINDOWS\System32\USER32.dll
0x00007ffe9fe00000 - 0x00007ffea009a000 	C:\WINDOWS\WinSxS\amd64_microsoft.windows.common-controls_6595b64144ccf1df_6.0.19041.3636_none_60b6a03d71f818d5\COMCTL32.dll
0x00007ffebad70000 - 0x00007ffebad92000 	C:\WINDOWS\System32\win32u.dll
0x00007ffebc270000 - 0x00007ffebc30e000 	C:\WINDOWS\System32\msvcrt.dll
0x00007ffebbe30000 - 0x00007ffebbe5b000 	C:\WINDOWS\System32\GDI32.dll
0x00007ffebada0000 - 0x00007ffebaeb7000 	C:\WINDOWS\System32\gdi32full.dll
0x00007ffebaf70000 - 0x00007ffebb00d000 	C:\WINDOWS\System32\msvcp_win.dll
0x00007ffebb060000 - 0x00007ffebb092000 	C:\WINDOWS\System32\IMM32.DLL
0x00007ffeb7a80000 - 0x00007ffeb7a8c000 	C:\Program Files\Android\Android Studio\jbr\bin\vcruntime140_1.dll
0x00007ffe89ef0000 - 0x00007ffe89f7d000 	C:\Program Files\Android\Android Studio\jbr\bin\msvcp140.dll
0x00007ffe5c7c0000 - 0x00007ffe5d443000 	C:\Program Files\Android\Android Studio\jbr\bin\server\jvm.dll
0x00007ffebcf40000 - 0x00007ffebcff0000 	C:\WINDOWS\System32\ADVAPI32.dll
0x00007ffebbaf0000 - 0x00007ffebbb90000 	C:\WINDOWS\System32\sechost.dll
0x00007ffebc920000 - 0x00007ffebca43000 	C:\WINDOWS\System32\RPCRT4.dll
0x00007ffeba770000 - 0x00007ffeba797000 	C:\WINDOWS\System32\bcrypt.dll
0x00007ffeb9c30000 - 0x00007ffeb9c7b000 	C:\WINDOWS\SYSTEM32\POWRPROF.dll
0x00007ffe97300000 - 0x00007ffe97309000 	C:\WINDOWS\SYSTEM32\WSOCK32.dll
0x00007ffebba80000 - 0x00007ffebbaeb000 	C:\WINDOWS\System32\WS2_32.dll
0x00007ffeaaed0000 - 0x00007ffeaaef7000 	C:\WINDOWS\SYSTEM32\WINMM.dll
0x00007ffeac4b0000 - 0x00007ffeac4ba000 	C:\WINDOWS\SYSTEM32\VERSION.dll
0x00007ffeb9aa0000 - 0x00007ffeb9ab2000 	C:\WINDOWS\SYSTEM32\UMPDC.dll
0x00007ffeb8ec0000 - 0x00007ffeb8ed2000 	C:\WINDOWS\SYSTEM32\kernel.appcore.dll
0x00007ffeb7a60000 - 0x00007ffeb7a6a000 	C:\Program Files\Android\Android Studio\jbr\bin\jimage.dll
0x00007ffeb8500000 - 0x00007ffeb86e4000 	C:\WINDOWS\SYSTEM32\DBGHELP.DLL
0x00007ffea9010000 - 0x00007ffea9044000 	C:\WINDOWS\SYSTEM32\dbgcore.DLL
0x00007ffeba6e0000 - 0x00007ffeba762000 	C:\WINDOWS\System32\bcryptPrimitives.dll
0x00007ffeb5d40000 - 0x00007ffeb5d65000 	C:\Program Files\Android\Android Studio\jbr\bin\java.dll
0x00007ffeb4200000 - 0x00007ffeb4218000 	C:\Program Files\Android\Android Studio\jbr\bin\zip.dll
0x00007ffebb310000 - 0x00007ffebba7b000 	C:\WINDOWS\System32\SHELL32.dll
0x00007ffeb8710000 - 0x00007ffeb8eae000 	C:\WINDOWS\SYSTEM32\windows.storage.dll
0x00007ffebca50000 - 0x00007ffebcda3000 	C:\WINDOWS\System32\combase.dll
0x00007ffeba030000 - 0x00007ffeba05e000 	C:\WINDOWS\SYSTEM32\Wldp.dll
0x00007ffebbb90000 - 0x00007ffebbc5d000 	C:\WINDOWS\System32\OLEAUT32.dll
0x00007ffebbc60000 - 0x00007ffebbd0d000 	C:\WINDOWS\System32\SHCORE.dll
0x00007ffebc320000 - 0x00007ffebc375000 	C:\WINDOWS\System32\shlwapi.dll
0x00007ffeba610000 - 0x00007ffeba633000 	C:\WINDOWS\SYSTEM32\profapi.dll
0x00007ffeb2ee0000 - 0x00007ffeb2ef9000 	C:\Program Files\Android\Android Studio\jbr\bin\net.dll
0x00007ffeb10a0000 - 0x00007ffeb11aa000 	C:\WINDOWS\SYSTEM32\WINHTTP.dll
0x00007ffeb9e10000 - 0x00007ffeb9e7a000 	C:\WINDOWS\system32\mswsock.dll
0x00007ffeb2ec0000 - 0x00007ffeb2ed6000 	C:\Program Files\Android\Android Studio\jbr\bin\nio.dll
0x00007ffeb39c0000 - 0x00007ffeb39d0000 	C:\Program Files\Android\Android Studio\jbr\bin\verify.dll

dbghelp: loaded successfully - version: 4.0.5 - missing functions: none
symbol engine: initialized successfully - sym options: 0x614 - pdb path: .;C:\Program Files\Android\Android Studio\jbr\bin;C:\WINDOWS\SYSTEM32;C:\WINDOWS\WinSxS\amd64_microsoft.windows.common-controls_6595b64144ccf1df_6.0.19041.3636_none_60b6a03d71f818d5;C:\Program Files\Android\Android Studio\jbr\bin\server

VM Arguments:
java_command: org.jetbrains.kotlin.cli.jvm.K2JVMCompiler @C:\Users\Abhishek chauhan\AndroidStudioProjects\food-app\app\build\20240416_15453963510611134119.compiler.options
java_class_path (initial): C:\Users\Abhishek chauhan\.gradle\caches\modules-2\files-2.1\org.jetbrains.kotlin\kotlin-compiler-embeddable\1.9.0\2c8c3a7402becca891f12739b3e9fd2dc2adbd7a\kotlin-compiler-embeddable-1.9.0.jar;C:\Users\Abhishek chauhan\.gradle\caches\modules-2\files-2.1\org.jetbrains.kotlin\kotlin-stdlib\1.9.0\8ee15ef0c67dc83d874f412d84378d7f0eb50b63\kotlin-stdlib-1.9.0.jar;C:\Users\Abhishek chauhan\.gradle\caches\modules-2\files-2.1\org.jetbrains.kotlin\kotlin-script-runtime\1.9.0\4b3102cbbb7e1b58d9d1adf89563f00069ffa7d1\kotlin-script-runtime-1.9.0.jar;C:\Users\Abhishek chauhan\.gradle\caches\modules-2\files-2.1\org.jetbrains.kotlin\kotlin-reflect\1.6.10\1cbe9c92c12a94eea200d23c2bbaedaf3daf5132\kotlin-reflect-1.6.10.jar;C:\Users\Abhishek chauhan\.gradle\caches\modules-2\files-2.1\org.jetbrains.kotlin\kotlin-daemon-embeddable\1.9.0\186543f5e28cf8d9a0290fecc2cf34301c40a65c\kotlin-daemon-embeddable-1.9.0.jar;C:\Users\Abhishek chauhan\.gradle\caches\modules-2\files-2.1\org.jetbrains.intellij.deps\trove4j\1.0.20200330\3afb14d5f9ceb459d724e907a21145e8ff394f02\trove4j-1.0.20200330.jar;C:\Users\Abhishek chauhan\.gradle\caches\modules-2\files-2.1\org.jetbrains.kotlin\kotlin-stdlib-common\1.9.0\cd65c21cfd1eec4d44ef09f9f52b6d9f8a720636\kotlin-stdlib-common-1.9.0.jar;C:\Users\Abhishek chauhan\.gradle\caches\modules-2\files-2.1\org.jetbrains\annotations\13.0\919f0dfe192fb4e063e7dacadee7f8bb9a2672a9\annotations-13.0.jar
Launcher Type: SUN_STANDARD

[Global flags]
     intx CICompilerCount                          = 4                                         {product} {ergonomic}
     uint ConcGCThreads                            = 2                                         {product} {ergonomic}
     uint G1ConcRefinementThreads                  = 8                                         {product} {ergonomic}
   size_t G1HeapRegionSize                         = 2097152                                   {product} {ergonomic}
    uintx GCDrainStackTargetSize                   = 64                                        {product} {ergonomic}
   size_t InitialHeapSize                          = 268435456                                 {product} {ergonomic}
   size_t MarkStackSize                            = 4194304                                   {product} {ergonomic}
   size_t MaxHeapSize                              = 4263510016                                {product} {ergonomic}
   size_t MaxNewSize                               = 2556428288                                {product} {ergonomic}
   size_t MinHeapDeltaBytes                        = 2097152                                   {product} {ergonomic}
   size_t MinHeapSize                              = 8388608                                   {product} {ergonomic}
    uintx NonNMethodCodeHeapSize                   = 5839372                                {pd product} {ergonomic}
    uintx NonProfiledCodeHeapSize                  = 122909434                              {pd product} {ergonomic}
    uintx ProfiledCodeHeapSize                     = 122909434                              {pd product} {ergonomic}
    uintx ReservedCodeCacheSize                    = 251658240                              {pd product} {ergonomic}
     bool SegmentedCodeCache                       = true                                      {product} {ergonomic}
   size_t SoftMaxHeapSize                          = 4263510016                             {manageable} {ergonomic}
     bool UseCompressedClassPointers               = true                           {product lp64_product} {ergonomic}
     bool UseCompressedOops                        = true                           {product lp64_product} {ergonomic}
     bool UseG1GC                                  = true                                      {product} {ergonomic}
     bool UseLargePagesIndividualAllocation        = false                                  {pd product} {ergonomic}

Logging:
Log output configuration:
 #0: stdout all=warning uptime,level,tags
 #1: stderr all=off uptime,level,tags

Environment Variables:
JAVA_HOME=C:\Program Files\Java\jdk-20\
PATH=C:\Program Files\Common Files\Oracle\Java\javapath;C:\WINDOWS\system32;C:\WINDOWS;C:\WINDOWS\System32\Wbem;C:\WINDOWS\System32\WindowsPowerShell\v1.0\;C:\WINDOWS\System32\OpenSSH\;C:\Program Files\kotlinc\bin;C:\Program Files\Java\jdk-20\bin;C:\MinGW\bin;C:\Program Files (x86)\NVIDIA Corporation\PhysX\Common;C:\Program Files\NVIDIA Corporation\NVIDIA NvDLISR;C:\Program Files\nodejs\;C:\Program Files\Git\cmd;C:\Users\Abhishek chauhan\AppData\Local\Microsoft\WindowsApps;C:\Program Files\kotlinc\bin;C:\Program Files\JetBrains\IntelliJ IDEA 2023.3.2\bin;;C:\Program Files\JetBrains\CLion 2023.2.1\bin;;C:\Users\Abhishek chauhan\AppData\Roaming\npm;C:\Users\Abhishek chauhan\AppData\Local\Programs\Microsoft VS Code\bin;C:\Program Files\Git\bin;C:\Users\Abhishek chauhan\AppData\Local\GitHubDesktop\bin
USERNAME=Abhishek chauhan
OS=Windows_NT
PROCESSOR_IDENTIFIER=Intel64 Family 6 Model 158 Stepping 9, GenuineIntel
TMP=C:\Users\ABHISH~1\AppData\Local\Temp
TEMP=C:\Users\ABHISH~1\AppData\Local\Temp



Periodic native trim disabled

JNI global refs:
JNI global refs: 11, weak refs: 7

JNI global refs memory usage: 843, weak refs: 841

OOME stack traces (most recent first):
Classloader memory used:
Loader jdk.internal.loader.ClassLoaders$AppClassLoader                                 : 8578K
Loader bootstrap                                                                       : 1463K
Loader java.net.URLClassLoader                                                         : 290K
Loader jdk.internal.reflect.DelegatingClassLoader                                      : 18669B


---------------  S Y S T E M  ---------------

OS:
 Windows 10 , 64 bit Build 19041 (10.0.19041.3636)
OS uptime: 3 days 20:56 hours
Hyper-V role detected

CPU: total 8 (initial active 8) (4 cores per cpu, 2 threads per core) family 6 model 158 stepping 9 microcode 0xb4, cx8, cmov, fxsr, ht, mmx, 3dnowpref, sse, sse2, sse3, ssse3, sse4.1, sse4.2, popcnt, lzcnt, tsc, tscinvbit, avx, avx2, aes, erms, clmul, bmi1, bmi2, adx, fma, vzeroupper, clflush, clflushopt, hv
Processor Information for all 8 processors :
  Max Mhz: 2801, Current Mhz: 2800, Mhz Limit: 2772

Memory: 4k page, system-wide physical 16259M (716M free)
TotalPageFile size 33824M (AvailPageFile size 41M)
current process WorkingSet (physical memory assigned to process): 376M, peak: 376M
current process commit charge ("private bytes"): 411M, peak: 488M

vm_info: OpenJDK 64-Bit Server VM (17.0.9+0--11185874) for windows-amd64 JRE (17.0.9+0--11185874), built on Dec  6 2023 18:57:44 by "androidbuild" with MS VC++ 16.10 / 16.11 (VS2019)

END.
